0 info it worked if it ends with ok
1 verbose cli [ 'node',
1 verbose cli   '/Users/chogan/.nvm/versions/node/v0.12.4/bin/npm',
1 verbose cli   'install',
1 verbose cli   'server/' ]
2 info using npm@2.12.1
3 info using node@v0.12.4
4 verbose install initial load of /Users/chogan/Sites/treemap/package.json
5 verbose readDependencies loading dependencies from /Users/chogan/Sites/treemap/package.json
6 silly cache add args [ 'server/', null ]
7 verbose cache add spec server/
8 silly cache add parsed spec { raw: 'server/',
8 silly cache add   scope: null,
8 silly cache add   name: null,
8 silly cache add   rawSpec: 'server/',
8 silly cache add   spec: '/Users/chogan/Sites/treemap/server',
8 silly cache add   type: 'directory' }
9 error addLocal Could not install /Users/chogan/Sites/treemap/server
10 verbose stack Error: No version provided in package.json
10 verbose stack     at /Users/chogan/.nvm/versions/node/v0.12.4/lib/node_modules/npm/lib/cache/add-local.js:70:17
10 verbose stack     at /Users/chogan/.nvm/versions/node/v0.12.4/lib/node_modules/npm/node_modules/read-package-json/read-json.js:345:5
10 verbose stack     at checkBinReferences_ (/Users/chogan/.nvm/versions/node/v0.12.4/lib/node_modules/npm/node_modules/read-package-json/read-json.js:309:45)
10 verbose stack     at final (/Users/chogan/.nvm/versions/node/v0.12.4/lib/node_modules/npm/node_modules/read-package-json/read-json.js:343:3)
10 verbose stack     at then (/Users/chogan/.nvm/versions/node/v0.12.4/lib/node_modules/npm/node_modules/read-package-json/read-json.js:113:5)
10 verbose stack     at /Users/chogan/.nvm/versions/node/v0.12.4/lib/node_modules/npm/node_modules/read-package-json/read-json.js:284:20
10 verbose stack     at evalmachine.<anonymous>:263:20
10 verbose stack     at OpenReq.Req.done (/Users/chogan/.nvm/versions/node/v0.12.4/lib/node_modules/npm/node_modules/graceful-fs/graceful-fs.js:141:5)
10 verbose stack     at OpenReq.done (/Users/chogan/.nvm/versions/node/v0.12.4/lib/node_modules/npm/node_modules/graceful-fs/graceful-fs.js:61:22)
10 verbose stack     at FSReqWrap.oncomplete (evalmachine.<anonymous>:95:15)
11 verbose cwd /Users/chogan/Sites/treemap
12 error Darwin 14.4.0
13 error argv "node" "/Users/chogan/.nvm/versions/node/v0.12.4/bin/npm" "install" "server/"
14 error node v0.12.4
15 error npm  v2.12.1
16 error No version provided in package.json
17 error If you need help, you may report this error at:
17 error     <https://github.com/npm/npm/issues>
18 verbose exit [ 1, true ]
